<?xml version="1.0" encoding="UTF-8"?>
<!-- Generated by org.testng.reporters.JUnitReportReporter -->
<testsuite skipped="0" hostname="user-PC" name="com.testNG.GroupingInTestNG" tests="3" failures="0" timestamp="10 Jul 2018 12:25:07 GMT" time="0.018" errors="0">
  <testcase name="test3" time="0.001" classname="com.testNG.GroupingInTestNG"/>
  <testcase name="test1" time="0.016" classname="com.testNG.GroupingInTestNG"/>
  <testcase name="test2" time="0.001" classname="com.testNG.GroupingInTestNG"/>
</testsuite> <!-- com.testNG.GroupingInTestNG -->
