<?xml version="1.0" encoding="UTF-8"?>
<!-- Generated by org.testng.reporters.JUnitReportReporter -->
<testsuite skipped="0" hostname="user-PC" name="com.testNG.I_ParametersInTestNG" tests="1" failures="0" timestamp="11 Jul 2018 13:16:10 GMT" time="0.019" errors="0">
  <testcase name="test1" time="0.019" classname="com.testNG.I_ParametersInTestNG"/>
</testsuite> <!-- com.testNG.I_ParametersInTestNG -->
