<?xml version="1.0" encoding="UTF-8"?>
<!-- Generated by org.testng.reporters.JUnitReportReporter -->
<testsuite skipped="0" hostname="user-PC" name="com.testNG.B_BasicAnnotationsInTestNG" tests="3" failures="0" timestamp="11 Jul 2018 13:25:13 GMT" time="0.010" errors="0">
  <testcase name="test10" time="0.003" classname="com.testNG.B_BasicAnnotationsInTestNG"/>
  <testcase name="test1" time="0.006" classname="com.testNG.B_BasicAnnotationsInTestNG"/>
  <testcase name="test11" time="0.001" classname="com.testNG.B_BasicAnnotationsInTestNG"/>
</testsuite> <!-- com.testNG.B_BasicAnnotationsInTestNG -->
