<?xml version="1.0" encoding="UTF-8"?>
<!-- Generated by org.testng.reporters.JUnitReportReporter -->
<testsuite skipped="0" hostname="user-PC" name="com.testNG.RunThroughTestNGXML" tests="2" failures="0" timestamp="10 Jul 2018 12:23:15 GMT" time="0.013" errors="0">
  <testcase name="test2" time="0.001" classname="com.testNG.RunThroughTestNGXML"/>
  <testcase name="test1" time="0.012" classname="com.testNG.RunThroughTestNGXML"/>
</testsuite> <!-- com.testNG.RunThroughTestNGXML -->
