<?xml version="1.0" encoding="UTF-8"?>
<!-- Generated by org.testng.reporters.JUnitReportReporter -->
<testsuite skipped="0" hostname="user-PC" name="com.testNG.DataProviderInTestNG" tests="5" failures="0" timestamp="10 Jul 2018 11:14:55 GMT" time="0.005" errors="0">
  <testcase name="test" time="0.001" classname="com.testNG.DataProviderInTestNG"/>
  <testcase name="test1" time="0.001" classname="com.testNG.DataProviderInTestNG"/>
  <testcase name="test" time="0.001" classname="com.testNG.DataProviderInTestNG"/>
  <testcase name="test1" time="0.001" classname="com.testNG.DataProviderInTestNG"/>
  <testcase name="test1" time="0.001" classname="com.testNG.DataProviderInTestNG"/>
</testsuite> <!-- com.testNG.DataProviderInTestNG -->
