<?xml version="1.0" encoding="UTF-8"?>
<!-- Generated by org.testng.reporters.JUnitReportReporter -->
<testsuite skipped="0" hostname="user-PC" name="com.testNG.PriorityInTestNG" tests="3" failures="0" timestamp="10 Jul 2018 12:32:25 GMT" time="0.020" errors="0">
  <testcase name="test1" time="0.016" classname="com.testNG.PriorityInTestNG"/>
  <testcase name="test3" time="0.001" classname="com.testNG.PriorityInTestNG"/>
  <testcase name="test2" time="0.003" classname="com.testNG.PriorityInTestNG"/>
</testsuite> <!-- com.testNG.PriorityInTestNG -->
