<?xml version="1.0" encoding="UTF-8"?>
<!-- Generated by org.testng.reporters.JUnitReportReporter -->
<testsuite skipped="0" hostname="user-PC" name="com.testNG.BasicAnnotationsInTestNG" tests="3" failures="0" timestamp="10 Jul 2018 11:14:55 GMT" time="0.006" errors="0">
  <testcase name="test10" time="0.002" classname="com.testNG.BasicAnnotationsInTestNG"/>
  <testcase name="test1" time="0.003" classname="com.testNG.BasicAnnotationsInTestNG"/>
  <testcase name="test11" time="0.001" classname="com.testNG.BasicAnnotationsInTestNG"/>
</testsuite> <!-- com.testNG.BasicAnnotationsInTestNG -->
