<?xml version="1.0" encoding="UTF-8"?>
<!-- Generated by org.testng.reporters.JUnitReportReporter -->
<testsuite skipped="0" hostname="HDC3-LX-FMRTLC2" name="com.testNG1.BasicAnnotations" tests="2" failures="0" timestamp="28 May 2018 12:04:02 GMT" time="0.015" errors="0">
  <testcase name="test5" time="0.005" classname="com.testNG1.BasicAnnotations"/>
  <testcase name="test10" time="0.010" classname="com.testNG1.BasicAnnotations"/>
</testsuite> <!-- com.testNG1.BasicAnnotations -->
